0 info it worked if it ends with ok
1 verbose cli [ '/Users/marshall/.nvm/versions/node/v7.6.0/bin/node',
1 verbose cli   '/Users/marshall/.nvm/versions/node/v7.6.0/bin/npm',
1 verbose cli   'run',
1 verbose cli   'release:patch' ]
2 info using npm@4.1.2
3 info using node@v7.6.0
4 verbose run-script [ 'prerelease:patch', 'release:patch', 'postrelease:patch' ]
5 info lifecycle @equibit/wallet-crypto@0.0.10~prerelease:patch: @equibit/wallet-crypto@0.0.10
6 silly lifecycle @equibit/wallet-crypto@0.0.10~prerelease:patch: no script for prerelease:patch, continuing
7 info lifecycle @equibit/wallet-crypto@0.0.10~release:patch: @equibit/wallet-crypto@0.0.10
8 verbose lifecycle @equibit/wallet-crypto@0.0.10~release:patch: unsafe-perm in lifecycle true
9 verbose lifecycle @equibit/wallet-crypto@0.0.10~release:patch: PATH: /Users/marshall/.nvm/versions/node/v7.6.0/lib/node_modules/npm/bin/node-gyp-bin:/Users/marshall/Sites/wallet-crypto/node_modules/.bin:/Users/marshall/.nvm/versions/node/v7.6.0/bin:/Users/marshall/.rvm/gems/ruby-2.2.4/bin:/Users/marshall/.rvm/gems/ruby-2.2.4@global/bin:/Users/marshall/.rvm/rubies/ruby-2.2.4/bin:/usr/local/bin:/usr/bin:/bin:/usr/sbin:/sbin:/Applications/Postgres.app/Contents/Versions/latest/bin:/Users/marshall/.rvm/bin:/Users/marshall/.rvm/bin
10 verbose lifecycle @equibit/wallet-crypto@0.0.10~release:patch: CWD: /Users/marshall/Sites/wallet-crypto
11 silly lifecycle @equibit/wallet-crypto@0.0.10~release:patch: Args: [ '-c', 'npm version patch && npm publish --access public' ]
12 silly lifecycle @equibit/wallet-crypto@0.0.10~release:patch: Returned: code: 1  signal: null
13 info lifecycle @equibit/wallet-crypto@0.0.10~release:patch: Failed to exec release:patch script
14 verbose stack Error: @equibit/wallet-crypto@0.0.10 release:patch: `npm version patch && npm publish --access public`
14 verbose stack Exit status 1
14 verbose stack     at EventEmitter.<anonymous> (/Users/marshall/.nvm/versions/node/v7.6.0/lib/node_modules/npm/lib/utils/lifecycle.js:279:16)
14 verbose stack     at emitTwo (events.js:106:13)
14 verbose stack     at EventEmitter.emit (events.js:192:7)
14 verbose stack     at ChildProcess.<anonymous> (/Users/marshall/.nvm/versions/node/v7.6.0/lib/node_modules/npm/lib/utils/spawn.js:40:14)
14 verbose stack     at emitTwo (events.js:106:13)
14 verbose stack     at ChildProcess.emit (events.js:192:7)
14 verbose stack     at maybeClose (internal/child_process.js:890:16)
14 verbose stack     at Process.ChildProcess._handle.onexit (internal/child_process.js:226:5)
15 verbose pkgid @equibit/wallet-crypto@0.0.10
16 verbose cwd /Users/marshall/Sites/wallet-crypto
17 error Darwin 16.4.0
18 error argv "/Users/marshall/.nvm/versions/node/v7.6.0/bin/node" "/Users/marshall/.nvm/versions/node/v7.6.0/bin/npm" "run" "release:patch"
19 error node v7.6.0
20 error npm  v4.1.2
21 error code ELIFECYCLE
22 error @equibit/wallet-crypto@0.0.10 release:patch: `npm version patch && npm publish --access public`
22 error Exit status 1
23 error Failed at the @equibit/wallet-crypto@0.0.10 release:patch script 'npm version patch && npm publish --access public'.
23 error Make sure you have the latest version of node.js and npm installed.
23 error If you do, this is most likely a problem with the @equibit/wallet-crypto package,
23 error not with npm itself.
23 error Tell the author that this fails on your system:
23 error     npm version patch && npm publish --access public
23 error You can get information on how to open an issue for this project with:
23 error     npm bugs @equibit/wallet-crypto
23 error Or if that isn't available, you can get their info via:
23 error     npm owner ls @equibit/wallet-crypto
23 error There is likely additional logging output above.
24 verbose exit [ 1, true ]
